#
# A fatal error has been detected by the Java Runtime Environment:
#
#  SIGSEGV (0xb) at pc=0x00007f02cde40ffe, pid=10302, tid=139650028488448
#
# JRE version: OpenJDK Runtime Environment (7.0_75-b13) (build 1.7.0_75-b13)
# Java VM: OpenJDK 64-Bit Server VM (24.75-b04 mixed mode linux-amd64 compressed oops)
# Derivative: IcedTea 2.5.4
# Distribution: Ubuntu 14.04 LTS, package 7u75-2.5.4-1~trusty1
# Problematic frame:
# C  [libc.so.6+0x97ffe]
#
# Failed to write core dump. Core dumps have been disabled. To enable core dumping, try "ulimit -c unlimited" before starting Java again
#
# If you would like to submit a bug report, please include
# instructions on how to reproduce the bug and visit:
#   http://icedtea.classpath.org/bugzilla
#

---------------  T H R E A D  ---------------

Current thread (0x00007f02c800a000):  JavaThread "main" [_thread_in_vm, id=10304, stack(0x00007f02ce474000,0x00007f02ce575000)]

siginfo:si_signo=SIGSEGV: si_errno=0, si_code=2 (SEGV_ACCERR), si_addr=0x00007f02c841be60

Registers:
RAX=0x00007f01dbf61fb0, RBX=0x00007f02c800a000, RCX=0x0000000000100000, RDX=0x0000000000080000
RSP=0x00007f02ce573688, RBP=0x00007f02ce5736e0, RSI=0x00007f02c839be70, RDI=0x00000000ec3b9ec0
R8 =0x00007f02c839be70, R9 =0x0000000000000000, R10=0x0000000000000001, R11=0x00007f02bb00c7b0
R12=0x0000000000000000, R13=0x0000000000080000, R14=0x00007f02ce5738f0, R15=0x00007f02c839be70
RIP=0x00007f02cde40ffe, EFLAGS=0x0000000000010202, CSGSFS=0x0000000000000033, ERR=0x0000000000000004
  TRAPNO=0x000000000000000e

Top of Stack: (sp=0x00007f02ce573688)
0x00007f02ce573688:   00007f02ccf65ae7 00007f02c800a000
0x00007f02ce573698:   0000000000000000 0000000000000000
0x00007f02ce5736a8:   00007f02bafe1ec0 00007f02ce5738f0
0x00007f02ce5736b8:   00007f02c839be00 00007f02ce5738f0
0x00007f02ce5736c8:   00007f02c839be70 00007f02bafd6880
0x00007f02ce5736d8:   0000000000000001 00007f02c800a1d8
0x00007f02ce5736e8:   00007f02bb00c916 0000000000000000
0x00007f02ce5736f8:   0000000000000001 0000000000000000
0x00007f02ce573708:   0000000000000008 00007f02c800a1d8
0x00007f02ce573718:   00007f02c800a1d8 00007f02ce5738f0
0x00007f02ce573728:   0000000000000000 00007f02ce573780
0x00007f02ce573738:   0000000000000000 00007f02bafe1ec0
0x00007f02ce573748:   00007f02bb000d02 00007f0200000001
0x00007f02ce573758:   00007f02bafd6880 00007f0200000001
0x00007f02ce573768:   00007f02c80075e0 00007f02c839be70
0x00007f02ce573778:   00007f02c839be00 0000006300000000
0x00007f02ce573788:   0000000000000000 0000000000000008
0x00007f02ce573798:   0000000000000000 00000000ba507820
0x00007f02ce5737a8:   00000000ba507820 00007f02ce573888
0x00007f02ce5737b8:   0000000000000000 00000000ba507818
0x00007f02ce5737c8:   00007f02ce573908 00007f02c800a000
0x00007f02ce5737d8:   00007f02c3f857f8 00007f0200000001
0x00007f02ce5737e8:   00007f02bafd6880 00007f0200000001
0x00007f02ce5737f8:   00007f0200000000 00007f02ffffffff
0x00007f02ce573808:   00007f02ce5738a8 00007f02ce573950
0x00007f02ce573818:   00007f02ce5738a8 00007f02c800abd8
0x00007f02ce573828:   00007f02c800abd8 00007f02c800ac08
0x00007f02ce573838:   00007f02c800ac08 00007f02fffffffe
0x00007f02ce573848:   00007f02ce573848 00000000ba507818
0x00007f02ce573858:   00007f02ce573908 00000000ba512720
0x00007f02ce573868:   0000000000000000 00000000ba507820
0x00007f02ce573878:   0000000000000000 00007f02ce5738a8 

Instructions: (pc=0x00007f02cde40ffe)
0x00007f02cde40fde:   39 c8 0f 82 07 01 00 00 48 83 fa 10 0f 86 8b 01
0x00007f02cde40fee:   00 00 f3 44 0f 6f 06 48 83 fa 20 f3 44 0f 7f 07
0x00007f02cde40ffe:   f3 44 0f 6f 44 16 f0 f3 44 0f 7f 44 17 f0 77 12
0x00007f02cde4100e:   48 89 f8 c3 66 66 66 66 66 2e 0f 1f 84 00 00 00 

Register to memory mapping:

RAX=0x00007f01dbf61fb0 is an unknown value
RBX=0x00007f02c800a000 is a thread
RCX=0x0000000000100000 is an unknown value
RDX=0x0000000000080000 is an unknown value
RSP=0x00007f02ce573688 is pointing into the stack for thread: 0x00007f02c800a000
RBP=0x00007f02ce5736e0 is pointing into the stack for thread: 0x00007f02c800a000
RSI=0x00007f02c839be70 is an unknown value
RDI=0x00000000ec3b9ec0 is an unknown value
R8 =0x00007f02c839be70 is an unknown value
R9 =0x0000000000000000 is an unknown value
R10=0x0000000000000001 is an unknown value
R11=0x00007f02bb00c7b0: ompi_java_releaseWritePtr+0 in /home/houssainy/.openmpi/lib/libmpi_java.so.1.2.0 at 0x00007f02baff4000
R12=0x0000000000000000 is an unknown value
R13=0x0000000000080000 is an unknown value
R14=0x00007f02ce5738f0 is pointing into the stack for thread: 0x00007f02c800a000
R15=0x00007f02c839be70 is an unknown value


Stack: [0x00007f02ce474000,0x00007f02ce575000],  sp=0x00007f02ce573688,  free space=1021k
Native frames: (J=compiled Java code, j=interpreted, Vv=VM code, C=native code)
C  [libc.so.6+0x97ffe]

Java frames: (J=compiled Java code, j=interpreted, Vv=VM code)
j  mpi.Comm.recv(JLjava/lang/Object;ZIIJIII[J)V+0
j  mpi.Comm.recv(Ljava/lang/Object;ILmpi/Datatype;II)Lmpi/Status;+81
j  mpi_implementation.Hello.main([Ljava/lang/String;)V+55
v  ~StubRoutines::call_stub

---------------  P R O C E S S  ---------------

Java Threads: ( => current thread )
  0x00007f02c80af000 JavaThread "Service Thread" daemon [_thread_blocked, id=10322, stack(0x00007f02bb317000,0x00007f02bb418000)]
  0x00007f02c80ad000 JavaThread "C2 CompilerThread1" daemon [_thread_blocked, id=10321, stack(0x00007f02bb418000,0x00007f02bb519000)]
  0x00007f02c80aa000 JavaThread "C2 CompilerThread0" daemon [_thread_blocked, id=10320, stack(0x00007f02bb519000,0x00007f02bb61a000)]
  0x00007f02c80a8000 JavaThread "Signal Dispatcher" daemon [_thread_blocked, id=10319, stack(0x00007f02bb61a000,0x00007f02bb71b000)]
  0x00007f02c807b800 JavaThread "Finalizer" daemon [_thread_blocked, id=10317, stack(0x00007f02bbdfe000,0x00007f02bbeff000)]
  0x00007f02c8079800 JavaThread "Reference Handler" daemon [_thread_blocked, id=10316, stack(0x00007f02bbeff000,0x00007f02bc000000)]
=>0x00007f02c800a000 JavaThread "main" [_thread_in_vm, id=10304, stack(0x00007f02ce474000,0x00007f02ce575000)]

Other Threads:
  0x00007f02c8075800 VMThread [stack: 0x00007f02c0024000,0x00007f02c0125000] [id=10313]
  0x00007f02c80ba000 WatcherThread [stack: 0x00007f02bb216000,0x00007f02bb317000] [id=10324]

VM state:not at safepoint (normal execution)

VM Mutex/Monitor currently owned by a thread: None

Heap
 PSYoungGen      total 17920K, used 1536K [0x00000000ec280000, 0x00000000ed680000, 0x0000000100000000)
  eden space 15360K, 10% used [0x00000000ec280000,0x00000000ec4002a8,0x00000000ed180000)
  from space 2560K, 0% used [0x00000000ed400000,0x00000000ed400000,0x00000000ed680000)
  to   space 2560K, 0% used [0x00000000ed180000,0x00000000ed180000,0x00000000ed400000)
 ParOldGen       total 40448K, used 0K [0x00000000c4800000, 0x00000000c6f80000, 0x00000000ec280000)
  object space 40448K, 0% used [0x00000000c4800000,0x00000000c4800000,0x00000000c6f80000)
 PSPermGen       total 21504K, used 3168K [0x00000000ba200000, 0x00000000bb700000, 0x00000000c4800000)
  object space 21504K, 14% used [0x00000000ba200000,0x00000000ba518318,0x00000000bb700000)

Card table byte_map: [0x00007f02c3d43000,0x00007f02c3f73000] byte_map_base: 0x00007f02c3772000

Polling page: 0x00007f02ce59b000

Code Cache  [0x00007f02c3f73000, 0x00007f02c41e3000, 0x00007f02c6f73000)
 total_blobs=243 nmethods=3 adapters=195 free_code_cache=48731Kb largest_free_block=49889728

Compilation events (6 events):
Event: 0.109 Thread 0x00007f02c80aa000    1             java.lang.String::indexOf (70 bytes)
Event: 0.119 Thread 0x00007f02c80aa000 nmethod 1 0x00007f02c3fd3910 code [0x00007f02c3fd3a60, 0x00007f02c3fd3be8]
Event: 0.119 Thread 0x00007f02c80ad000    2             sun.nio.cs.UTF_8$Encoder::encode (361 bytes)
Event: 0.128 Thread 0x00007f02c80ad000 nmethod 2 0x00007f02c3fd2d90 code [0x00007f02c3fd2f00, 0x00007f02c3fd3408]
Event: 0.128 Thread 0x00007f02c80aa000    3             java.lang.String::indexOf (166 bytes)
Event: 0.138 Thread 0x00007f02c80aa000 nmethod 3 0x00007f02c3fde650 code [0x00007f02c3fde7a0, 0x00007f02c3fdec18]

GC Heap History (0 events):
No events

Deoptimization events (0 events):
No events

Internal exceptions (10 events):
Event: 0.120 Thread 0x00007f02c800a000 Threw 0x00000000ec383980 at /build/buildd/openjdk-7-7u75-2.5.4/build/openjdk/hotspot/src/share/vm/prims/jvm.cpp:1284
Event: 0.121 Thread 0x00007f02c800a000 Threw 0x00000000ec387710 at /build/buildd/openjdk-7-7u75-2.5.4/build/openjdk/hotspot/src/share/vm/prims/jvm.cpp:1284
Event: 0.125 Thread 0x00007f02c800a000 Threw 0x00000000ec38bc98 at /build/buildd/openjdk-7-7u75-2.5.4/build/openjdk/hotspot/src/share/vm/prims/jvm.cpp:1284
Event: 0.126 Thread 0x00007f02c800a000 Threw 0x00000000ec38e898 at /build/buildd/openjdk-7-7u75-2.5.4/build/openjdk/hotspot/src/share/vm/prims/jvm.cpp:1284
Event: 0.127 Thread 0x00007f02c800a000 Threw 0x00000000ec395568 at /build/buildd/openjdk-7-7u75-2.5.4/build/openjdk/hotspot/src/share/vm/prims/jvm.cpp:1284
Event: 0.389 Thread 0x00007f02c800a000 Threw 0x00000000ec3aa468 at /build/buildd/openjdk-7-7u75-2.5.4/build/openjdk/hotspot/src/share/vm/prims/jvm.cpp:1284
Event: 0.389 Thread 0x00007f02c800a000 Threw 0x00000000ec3ad198 at /build/buildd/openjdk-7-7u75-2.5.4/build/openjdk/hotspot/src/share/vm/prims/jvm.cpp:1284
Event: 0.390 Thread 0x00007f02c800a000 Threw 0x00000000ec3afd90 at /build/buildd/openjdk-7-7u75-2.5.4/build/openjdk/hotspot/src/share/vm/prims/jvm.cpp:1284
Event: 0.390 Thread 0x00007f02c800a000 Threw 0x00000000ec3b2d18 at /build/buildd/openjdk-7-7u75-2.5.4/build/openjdk/hotspot/src/share/vm/prims/jvm.cpp:1284
Event: 0.391 Thread 0x00007f02c800a000 Threw 0x00000000ec3b5d50 at /build/buildd/openjdk-7-7u75-2.5.4/build/openjdk/hotspot/src/share/vm/prims/jvm.cpp:1284

Events (10 events):
Event: 0.389 loading class 0x00007f02c83994d0
Event: 0.389 loading class 0x00007f02c83994d0 done
Event: 0.390 loading class 0x00007f02c8399500
Event: 0.390 loading class 0x00007f02c8399500 done
Event: 0.390 loading class 0x00007f02c8129ac0
Event: 0.390 loading class 0x00007f02c8129ac0 done
Event: 0.391 loading class 0x00007f02c80f2960
Event: 0.391 loading class 0x00007f02c80f2960 done
Event: 0.391 loading class 0x00007f02c134a3e0
Event: 0.392 loading class 0x00007f02c134a3e0 done


Dynamic libraries:
00400000-00401000 r-xp 00000000 08:04 2109873                            /usr/lib/jvm/java-7-openjdk-amd64/jre/bin/java
00600000-00601000 r--p 00000000 08:04 2109873                            /usr/lib/jvm/java-7-openjdk-amd64/jre/bin/java
00601000-00602000 rw-p 00001000 08:04 2109873                            /usr/lib/jvm/java-7-openjdk-amd64/jre/bin/java
01688000-016a9000 rw-p 00000000 00:00 0                                  [heap]
ba200000-bb700000 rw-p 00000000 00:00 0 
bb700000-c4800000 rw-p 00000000 00:00 0 
c4800000-c6f80000 rw-p 00000000 00:00 0 
c6f80000-ec280000 rw-p 00000000 00:00 0 
ec280000-ed680000 rw-p 00000000 00:00 0 
ed680000-100000000 rw-p 00000000 00:00 0 
7f027bfff000-7f0284000000 rw-s 00000000 08:04 1459548                    /tmp/openmpi-sessions-houssainy@houssainy_0/59251/1/shared_mem_pool.houssainy (deleted)
7f0284000000-7f0284021000 rw-p 00000000 00:00 0 
7f0284021000-7f0288000000 ---p 00000000 00:00 0 
7f0288e6f000-7f0289270000 rw-s 00000000 08:04 1459609                    /tmp/openmpi-sessions-houssainy@houssainy_0/59251/1/0/vader_segment.houssainy.0
7f0289270000-7f0289671000 rw-s 00000000 08:04 1459605                    /tmp/openmpi-sessions-houssainy@houssainy_0/59251/1/1/vader_segment.houssainy.1
7f0289671000-7f0289676000 r-xp 00000000 08:04 3031767                    /home/houssainy/.openmpi/lib/openmpi/mca_osc_sm.so
7f0289676000-7f0289875000 ---p 00005000 08:04 3031767                    /home/houssainy/.openmpi/lib/openmpi/mca_osc_sm.so
7f0289875000-7f0289876000 r--p 00004000 08:04 3031767                    /home/houssainy/.openmpi/lib/openmpi/mca_osc_sm.so
7f0289876000-7f0289878000 rw-p 00005000 08:04 3031767                    /home/houssainy/.openmpi/lib/openmpi/mca_osc_sm.so
7f0289878000-7f0289896000 r-xp 00000000 08:04 3031723                    /home/houssainy/.openmpi/lib/openmpi/mca_coll_tuned.so
7f0289896000-7f0289a96000 ---p 0001e000 08:04 3031723                    /home/houssainy/.openmpi/lib/openmpi/mca_coll_tuned.so
7f0289a96000-7f0289a97000 r--p 0001e000 08:04 3031723                    /home/houssainy/.openmpi/lib/openmpi/mca_coll_tuned.so
7f0289a97000-7f0289a98000 rw-p 0001f000 08:04 3031723                    /home/houssainy/.openmpi/lib/openmpi/mca_coll_tuned.so
7f0289c9f000-7f0289ca1000 r-xp 00000000 08:04 3031727                    /home/houssainy/.openmpi/lib/openmpi/mca_coll_self.so
7f0289ca1000-7f0289ea1000 ---p 00002000 08:04 3031727                    /home/houssainy/.openmpi/lib/openmpi/mca_coll_self.so
7f0289ea1000-7f0289ea2000 r--p 00002000 08:04 3031727                    /home/houssainy/.openmpi/lib/openmpi/mca_coll_self.so
7f0289ea2000-7f0289ea3000 rw-p 00003000 08:04 3031727                    /home/houssainy/.openmpi/lib/openmpi/mca_coll_self.so
7f0289ec5000-7f0289ed8000 r-xp 00000000 08:04 3031769                    /home/houssainy/.openmpi/lib/openmpi/mca_osc_rdma.so
7f0289ed8000-7f028a0d7000 ---p 00013000 08:04 3031769                    /home/houssainy/.openmpi/lib/openmpi/mca_osc_rdma.so
7f028a0d7000-7f028a0d8000 r--p 00012000 08:04 3031769                    /home/houssainy/.openmpi/lib/openmpi/mca_osc_rdma.so
7f028a0d8000-7f028a0d9000 rw-p 00013000 08:04 3031769                    /home/houssainy/.openmpi/lib/openmpi/mca_osc_rdma.so
7f028a0d9000-7f028a0f2000 r-xp 00000000 08:04 3031725                    /home/houssainy/.openmpi/lib/openmpi/mca_coll_libnbc.so
7f028a0f2000-7f028a2f1000 ---p 00019000 08:04 3031725                    /home/houssainy/.openmpi/lib/openmpi/mca_coll_libnbc.so
7f028a2f1000-7f028a2f2000 r--p 00018000 08:04 3031725                    /home/houssainy/.openmpi/lib/openmpi/mca_coll_libnbc.so
7f028a2f2000-7f028a2f3000 rw-p 00019000 08:04 3031725                    /home/houssainy/.openmpi/lib/openmpi/mca_coll_libnbc.so
7f028a2f3000-7f028a2f7000 r-xp 00000000 08:04 3031734                    /home/houssainy/.openmpi/lib/openmpi/mca_coll_inter.so
7f028a2f7000-7f028a4f6000 ---p 00004000 08:04 3031734                    /home/houssainy/.openmpi/lib/openmpi/mca_coll_inter.so
7f028a4f6000-7f028a4f7000 r--p 00003000 08:04 3031734                    /home/houssainy/.openmpi/lib/openmpi/mca_coll_inter.so
7f028a4f7000-7f028a4f8000 rw-p 00004000 08:04 3031734                    /home/houssainy/.openmpi/lib/openmpi/mca_coll_inter.so
7f028a4f8000-7f028a505000 r-xp 00000000 08:04 3031732                    /home/houssainy/.openmpi/lib/openmpi/mca_coll_basic.so
7f028a505000-7f028a705000 ---p 0000d000 08:04 3031732                    /home/houssainy/.openmpi/lib/openmpi/mca_coll_basic.so
7f028a705000-7f028a706000 r--p 0000d000 08:04 3031732                    /home/houssainy/.openmpi/lib/openmpi/mca_coll_basic.so
7f028a706000-7f028a707000 rw-p 0000e000 08:04 3031732                    /home/houssainy/.openmpi/lib/openmpi/mca_coll_basic.so
7f028a708000-7f028a70e000 r-xp 00000000 08:04 3031743                    /home/houssainy/.openmpi/lib/openmpi/mca_dpm_orte.so
7f028a70e000-7f028a90d000 ---p 00006000 08:04 3031743                    /home/houssainy/.openmpi/lib/openmpi/mca_dpm_orte.so
7f028a90d000-7f028a90e000 r--p 00005000 08:04 3031743                    /home/houssainy/.openmpi/lib/openmpi/mca_dpm_orte.so
7f028a90e000-7f028a90f000 rw-p 00006000 08:04 3031743                    /home/houssainy/.openmpi/lib/openmpi/mca_dpm_orte.so
7f028a90f000-7f028a927000 r-xp 00000000 08:04 3031777                    /home/houssainy/.openmpi/lib/openmpi/mca_pml_ob1.so
7f028a927000-7f028ab26000 ---p 00018000 08:04 3031777                    /home/houssainy/.openmpi/lib/openmpi/mca_pml_ob1.so
7f028ab26000-7f028ab27000 r--p 00017000 08:04 3031777                    /home/houssainy/.openmpi/lib/openmpi/mca_pml_ob1.so
7f028ab27000-7f028ab28000 rw-p 00018000 08:04 3031777                    /home/houssainy/.openmpi/lib/openmpi/mca_pml_ob1.so
7f028ab29000-7f028ab2f000 r-xp 00000000 08:04 3031736                    /home/houssainy/.openmpi/lib/openmpi/mca_coll_hierarch.so
7f028ab2f000-7f028ad2e000 ---p 00006000 08:04 3031736                    /home/houssainy/.openmpi/lib/openmpi/mca_coll_hierarch.so
7f028ad2e000-7f028ad2f000 r--p 00005000 08:04 3031736                    /home/houssainy/.openmpi/lib/openmpi/mca_coll_hierarch.so
7f028ad2f000-7f028ad30000 rw-p 00006000 08:04 3031736                    /home/houssainy/.openmpi/lib/openmpi/mca_coll_hierarch.so
7f028ad4c000-7f028ad4f000 r-xp 00000000 08:04 3031780                    /home/houssainy/.openmpi/lib/openmpi/mca_pubsub_orte.so
7f028ad4f000-7f028af4e000 ---p 00003000 08:04 3031780                    /home/houssainy/.openmpi/lib/openmpi/mca_pubsub_orte.so
7f028af4e000-7f028af4f000 r--p 00002000 08:04 3031780                    /home/houssainy/.openmpi/lib/openmpi/mca_pubsub_orte.so
7f028af4f000-7f028af50000 rw-p 00003000 08:04 3031780                    /home/houssainy/.openmpi/lib/openmpi/mca_pubsub_orte.so
7f028af50000-7f028af56000 r-xp 00000000 08:04 3031721                    /home/houssainy/.openmpi/lib/openmpi/mca_btl_vader.so
7f028af56000-7f028b155000 ---p 00006000 08:04 3031721                    /home/houssainy/.openmpi/lib/openmpi/mca_btl_vader.so
7f028b155000-7f028b156000 r--p 00005000 08:04 3031721                    /home/houssainy/.openmpi/lib/openmpi/mca_btl_vader.so
7f028b156000-7f028b158000 rw-p 00006000 08:04 3031721                    /home/houssainy/.openmpi/lib/openmpi/mca_btl_vader.so
7f028b158000-7f028b164000 r-xp 00000000 08:04 3031718                    /home/houssainy/.openmpi/lib/openmpi/mca_btl_tcp.so
7f028b164000-7f028b363000 ---p 0000c000 08:04 3031718                    /home/houssainy/.openmpi/lib/openmpi/mca_btl_tcp.so
7f028b363000-7f028b364000 r--p 0000b000 08:04 3031718                    /home/houssainy/.openmpi/lib/openmpi/mca_btl_tcp.so
7f028b364000-7f028b365000 rw-p 0000c000 08:04 3031718                    /home/houssainy/.openmpi/lib/openmpi/mca_btl_tcp.so
7f028b365000-7f028b3e5000 rw-p 00000000 00:00 0 
7f028b3e5000-7f028b3eb000 r-xp 00000000 08:04 3031715                    /home/houssainy/.openmpi/lib/openmpi/mca_btl_sm.so
7f028b3eb000-7f028b5ea000 ---p 00006000 08:04 3031715                    /home/houssainy/.openmpi/lib/openmpi/mca_btl_sm.so
7f028b5ea000-7f028b5eb000 r--p 00005000 08:04 3031715                    /home/houssainy/.openmpi/lib/openmpi/mca_btl_sm.so
7f028b5eb000-7f028b5ec000 rw-p 00006000 08:04 3031715                    /home/houssainy/.openmpi/lib/openmpi/mca_btl_sm.so
7f028b5ec000-7f028b5ef000 r-xp 00000000 08:04 3031712                    /home/houssainy/.openmpi/lib/openmpi/mca_btl_self.so
7f028b5ef000-7f028b7ee000 ---p 00003000 08:04 3031712                    /home/houssainy/.openmpi/lib/openmpi/mca_btl_self.so
7f028b7ee000-7f028b7ef000 r--p 00002000 08:04 3031712                    /home/houssainy/.openmpi/lib/openmpi/mca_btl_self.so
7f028b7ef000-7f028b7f0000 rw-p 00003000 08:04 3031712                    /home/houssainy/.openmpi/lib/openmpi/mca_btl_self.so
7f028b7f0000-7f028b7f3000 r-xp 00000000 08:04 3031710                    /home/houssainy/.openmpi/lib/openmpi/mca_bml_r2.so
7f028b7f3000-7f028b9f3000 ---p 00003000 08:04 3031710                    /home/houssainy/.openmpi/lib/openmpi/mca_bml_r2.so
7f028b9f3000-7f028b9f4000 r--p 00003000 08:04 3031710                    /home/houssainy/.openmpi/lib/openmpi/mca_bml_r2.so
7f028b9f4000-7f028b9f5000 rw-p 00004000 08:04 3031710                    /home/houssainy/.openmpi/lib/openmpi/mca_bml_r2.so
7f028b9f5000-7f028b9f7000 r-xp 00000000 08:04 3031696                    /home/houssainy/.openmpi/lib/libmca_common_sm.so.4.0.4
7f028b9f7000-7f028bbf7000 ---p 00002000 08:04 3031696                    /home/houssainy/.openmpi/lib/libmca_common_sm.so.4.0.4
7f028bbf7000-7f028bbf8000 r--p 00002000 08:04 3031696                    /home/houssainy/.openmpi/lib/libmca_common_sm.so.4.0.4
7f028bbf8000-7f028bbf9000 rw-p 00003000 08:04 3031696                    /home/houssainy/.openmpi/lib/libmca_common_sm.so.4.0.4
7f028bbf9000-7f028bbfb000 r-xp 00000000 08:04 3031765                    /home/houssainy/.openmpi/lib/openmpi/mca_mpool_sm.so
7f028bbfb000-7f028bdfa000 ---p 00002000 08:04 3031765                    /home/houssainy/.openmpi/lib/openmpi/mca_mpool_sm.so
7f028bdfa000-7f028bdfb000 r--p 00001000 08:04 3031765                    /home/houssainy/.openmpi/lib/openmpi/mca_mpool_sm.so
7f028bdfb000-7f028bdfc000 rw-p 00002000 08:04 3031765                    /home/houssainy/.openmpi/lib/openmpi/mca_mpool_sm.so
7f028bdfc000-7f028bdff000 r-xp 00000000 08:04 3031763                    /home/houssainy/.openmpi/lib/openmpi/mca_mpool_grdma.so
7f028bdff000-7f028bffe000 ---p 00003000 08:04 3031763                    /home/houssainy/.openmpi/lib/openmpi/mca_mpool_grdma.so
7f028bffe000-7f028bfff000 r--p 00002000 08:04 3031763                    /home/houssainy/.openmpi/lib/openmpi/mca_mpool_grdma.so
7f028bfff000-7f028c000000 rw-p 00003000 08:04 3031763                    /home/houssainy/.openmpi/lib/openmpi/mca_mpool_grdma.so
7f028c000000-7f028c021000 rw-p 00000000 00:00 0 
7f028c021000-7f0290000000 ---p 00000000 00:00 0 
7f0290000000-7f0290021000 rw-p 00000000 00:00 0 
7f0290021000-7f0294000000 ---p 00000000 00:00 0 
7f0294000000-7f029407a000 rw-p 00000000 00:00 0 
7f029407a000-7f0298000000 ---p 00000000 00:00 0 
7f0298000000-7f029805a000 rw-p 00000000 00:00 0 
7f029805a000-7f029c000000 ---p 00000000 00:00 0 
7f029c000000-7f029c021000 rw-p 00000000 00:00 0 
7f029c021000-7f02a0000000 ---p 00000000 00:00 0 
7f02a0000000-7f02a0021000 rw-p 00000000 00:00 0 
7f02a0021000-7f02a4000000 ---p 00000000 00:00 0 
7f02a4000000-7f02a4021000 rw-p 00000000 00:00 0 
7f02a4021000-7f02a8000000 ---p 00000000 00:00 0 
7f02a8000000-7f02a8021000 rw-p 00000000 00:00 0 
7f02a8021000-7f02ac000000 ---p 00000000 00:00 0 
7f02ac000000-7f02ac021000 rw-p 00000000 00:00 0 
7f02ac021000-7f02b0000000 ---p 00000000 00:00 0 
7f02b0000000-7f02b0021000 rw-p 00000000 00:00 0 
7f02b0021000-7f02b4000000 ---p 00000000 00:00 0 
7f02b4000000-7f02b4021000 rw-p 00000000 00:00 0 
7f02b4021000-7f02b8000000 ---p 00000000 00:00 0 
7f02b8171000-7f02b8175000 r-xp 00000000 08:04 3031782                    /home/houssainy/.openmpi/lib/openmpi/mca_rcache_vma.so
7f02b8175000-7f02b8374000 ---p 00004000 08:04 3031782                    /home/houssainy/.openmpi/lib/openmpi/mca_rcache_vma.so
7f02b8374000-7f02b8375000 r--p 00003000 08:04 3031782                    /home/houssainy/.openmpi/lib/openmpi/mca_rcache_vma.so
7f02b8375000-7f02b8376000 rw-p 00004000 08:04 3031782                    /home/houssainy/.openmpi/lib/openmpi/mca_rcache_vma.so
7f02b8376000-7f02b8378000 r-xp 00000000 08:04 3031701                    /home/houssainy/.openmpi/lib/openmpi/mca_allocator_bucket.so
7f02b8378000-7f02b8577000 ---p 00002000 08:04 3031701                    /home/houssainy/.openmpi/lib/openmpi/mca_allocator_bucket.so
7f02b8577000-7f02b8578000 r--p 00001000 08:04 3031701                    /home/houssainy/.openmpi/lib/openmpi/mca_allocator_bucket.so
7f02b8578000-7f02b8579000 rw-p 00002000 08:04 3031701                    /home/houssainy/.openmpi/lib/openmpi/mca_allocator_bucket.so
7f02b8579000-7f02b857b000 r-xp 00000000 08:04 3031703                    /home/houssainy/.openmpi/lib/openmpi/mca_allocator_basic.so
7f02b857b000-7f02b877a000 ---p 00002000 08:04 3031703                    /home/houssainy/.openmpi/lib/openmpi/mca_allocator_basic.so
7f02b877a000-7f02b877b000 r--p 00001000 08:04 3031703                    /home/houssainy/.openmpi/lib/openmpi/mca_allocator_basic.so
7f02b877b000-7f02b877c000 rw-p 00002000 08:04 3031703                    /home/houssainy/.openmpi/lib/openmpi/mca_allocator_basic.so
7f02b877c000-7f02b877d000 ---p 00000000 00:00 0 
7f02b877d000-7f02b8f7d000 rw-p 00000000 00:00 0                          [stack:10329]
7f02b8f7d000-7f02b8f7f000 r-xp 00000000 08:04 3029991                    /home/houssainy/.openmpi/lib/openmpi/mca_grpcomm_bad.so
7f02b8f7f000-7f02b917e000 ---p 00002000 08:04 3029991                    /home/houssainy/.openmpi/lib/openmpi/mca_grpcomm_bad.so
7f02b917e000-7f02b917f000 r--p 00001000 08:04 3029991                    /home/houssainy/.openmpi/lib/openmpi/mca_grpcomm_bad.so
7f02b917f000-7f02b9180000 rw-p 00002000 08:04 3029991                    /home/houssainy/.openmpi/lib/openmpi/mca_grpcomm_bad.so
7f02b9180000-7f02b9183000 r-xp 00000000 08:04 3030072                    /home/houssainy/.openmpi/lib/openmpi/mca_rml_oob.so
7f02b9183000-7f02b9382000 ---p 00003000 08:04 3030072                    /home/houssainy/.openmpi/lib/openmpi/mca_rml_oob.so
7f02b9382000-7f02b9383000 r--p 00002000 08:04 3030072                    /home/houssainy/.openmpi/lib/openmpi/mca_rml_oob.so
7f02b9383000-7f02b9384000 rw-p 00003000 08:04 3030072                    /home/houssainy/.openmpi/lib/openmpi/mca_rml_oob.so
7f02b9384000-7f02b9397000 r-xp 00000000 08:04 3030018                    /home/houssainy/.openmpi/lib/openmpi/mca_oob_tcp.so
7f02b9397000-7f02b9596000 ---p 00013000 08:04 3030018                    /home/houssainy/.openmpi/lib/openmpi/mca_oob_tcp.so
7f02b9596000-7f02b9597000 r--p 00012000 08:04 3030018                    /home/houssainy/.openmpi/lib/openmpi/mca_oob_tcp.so
7f02b9597000-7f02b9598000 rw-p 00013000 08:04 3030018                    /home/houssainy/.openmpi/lib/openmpi/mca_oob_tcp.so
7f02b9598000-7f02b959a000 r-xp 00000000 08:04 3029909                    /home/houssainy/.openmpi/lib/openmpi/mca_db_print.so
7f02b959a000-7f02b9799000 ---p 00002000 08:04 3029909                    /home/houssainy/.openmpi/lib/openmpi/mca_db_print.so
7f02b9799000-7f02b979a000 r--p 00001000 08:04 3029909                    /home/houssainy/.openmpi/lib/openmpi/mca_db_print.so
7f02b979a000-7f02b979b000 rw-p 00002000 08:04 3029909                    /home/houssainy/.openmpi/lib/openmpi/mca_db_print.so
7f02b979b000-7f02b979e000 r-xp 00000000 08:04 3029911                    /home/houssainy/.openmpi/lib/openmpi/mca_db_hash.so
7f02b979e000-7f02b999d000 ---p 00003000 08:04 3029911                    /home/houssainy/.openmpi/lib/openmpi/mca_db_hash.so
7f02b999d000-7f02b999e000 r--p 00002000 08:04 3029911                    /home/houssainy/.openmpi/lib/openmpi/mca_db_hash.so
7f02b999e000-7f02b999f000 rw-p 00003000 08:04 3029911                    /home/houssainy/.openmpi/lib/openmpi/mca_db_hash.so
7f02b999f000-7f02b99a2000 r-xp 00000000 08:04 3030083                    /home/houssainy/.openmpi/lib/openmpi/mca_routed_binomial.so
7f02b99a2000-7f02b9ba2000 ---p 00003000 08:04 3030083                    /home/houssainy/.openmpi/lib/openmpi/mca_routed_binomial.so
7f02b9ba2000-7f02b9ba3000 r--p 00003000 08:04 3030083                    /home/houssainy/.openmpi/lib/openmpi/mca_routed_binomial.so
7f02b9ba3000-7f02b9ba4000 rw-p 00004000 08:04 3030083                    /home/houssainy/.openmpi/lib/openmpi/mca_routed_binomial.so
7f02b9ba4000-7f02b9ba6000 r-xp 00000000 08:04 3029974                    /home/houssainy/.openmpi/lib/openmpi/mca_errmgr_default_app.so
7f02b9ba6000-7f02b9da5000 ---p 00002000 08:04 3029974                    /home/houssainy/.openmpi/lib/openmpi/mca_errmgr_default_app.so
7f02b9da5000-7f02b9da6000 r--p 00001000 08:04 3029974                    /home/houssainy/.openmpi/lib/openmpi/mca_errmgr_default_app.so
7f02b9da6000-7f02b9da7000 rw-p 00002000 08:04 3029974                    /home/houssainy/.openmpi/lib/openmpi/mca_errmgr_default_app.so
7f02b9da7000-7f02b9da9000 r-xp 00000000 08:04 3030087                    /home/houssainy/.openmpi/lib/openmpi/mca_state_app.so
7f02b9da9000-7f02b9fa8000 ---p 00002000 08:04 3030087                    /home/houssainy/.openmpi/lib/openmpi/mca_state_app.so
7f02b9fa8000-7f02b9fa9000 r--p 00001000 08:04 3030087                    /home/houssainy/.openmpi/lib/openmpi/mca_state_app.so
7f02b9fa9000-7f02b9faa000 rw-p 00002000 08:04 3030087                    /home/houssainy/.openmpi/lib/openmpi/mca_state_app.so
7f02b9faa000-7f02b9fac000 r-xp 00000000 08:04 3029982                    /home/houssainy/.openmpi/lib/openmpi/mca_ess_env.so
7f02b9fac000-7f02ba1ab000 ---p 00002000 08:04 3029982                    /home/houssainy/.openmpi/lib/openmpi/mca_ess_env.so
7f02ba1ab000-7f02ba1ac000 r--p 00001000 08:04 3029982                    /home/houssainy/.openmpi/lib/openmpi/mca_ess_env.so
7f02ba1ac000-7f02ba1ad000 rw-p 00002000 08:04 3029982                    /home/houssainy/.openmpi/lib/openmpi/mca_ess_env.so
7f02ba1ad000-7f02ba1ae000 r-xp 00000000 08:04 3029915                    /home/houssainy/.openmpi/lib/openmpi/mca_sec_basic.so
7f02ba1ae000-7f02ba3ad000 ---p 00001000 08:04 3029915                    /home/houssainy/.openmpi/lib/openmpi/mca_sec_basic.so
7f02ba3ad000-7f02ba3ae000 r--p 00000000 08:04 3029915                    /home/houssainy/.openmpi/lib/openmpi/mca_sec_basic.so
7f02ba3ae000-7f02ba3af000 rw-p 00001000 08:04 3029915                    /home/houssainy/.openmpi/lib/openmpi/mca_sec_basic.so
7f02ba3af000-7f02ba3b2000 r-xp 00000000 08:04 3029918                    /home/houssainy/.openmpi/lib/openmpi/mca_shmem_mmap.so
7f02ba3b2000-7f02ba5b1000 ---p 00003000 08:04 3029918                    /home/houssainy/.openmpi/lib/openmpi/mca_shmem_mmap.so
7f02ba5b1000-7f02ba5b2000 r--p 00002000 08:04 3029918                    /home/houssainy/.openmpi/lib/openmpi/mca_shmem_mmap.so
7f02ba5b2000-7f02ba5b3000 rw-p 00003000 08:04 3029918                    /home/houssainy/.openmpi/lib/openmpi/mca_shmem_mmap.so
7f02ba5b3000-7f02ba5b5000 r-xp 00000000 08:04 131322                     /lib/x86_64-linux-gnu/libutil-2.19.so
7f02ba5b5000-7f02ba7b4000 ---p 00002000 08:04 131322                     /lib/x86_64-linux-gnu/libutil-2.19.so
7f02ba7b4000-7f02ba7b5000 r--p 00001000 08:04 131322                     /lib/x86_64-linux-gnu/libutil-2.19.so
7f02ba7b5000-7f02ba7b6000 rw-p 00002000 08:04 131322                     /lib/x86_64-linux-gnu/libutil-2.19.so
7f02ba7b6000-7f02ba82c000 r-xp 00000000 08:04 3029952                    /home/houssainy/.openmpi/lib/libopen-rte.so.7.0.5
7f02ba82c000-7f02baa2c000 ---p 00076000 08:04 3029952                    /home/houssainy/.openmpi/lib/libopen-rte.so.7.0.5
7f02baa2c000-7f02baa2d000 r--p 00076000 08:04 3029952                    /home/houssainy/.openmpi/lib/libopen-rte.so.7.0.5
7f02baa2d000-7f02baa30000 rw-p 00077000 08:04 3029952                    /home/houssainy/.openmpi/lib/libopen-rte.so.7.0.5
7f02baa30000-7f02baa32000 rw-p 00000000 00:00 0 
7f02baa32000-7f02bab09000 r-xp 00000000 08:04 3029892                    /home/houssainy/.openmpi/lib/libopen-pal.so.6.2.1
7f02bab09000-7f02bad09000 ---p 000d7000 08:04 3029892                    /home/houssainy/.openmpi/lib/libopen-pal.so.6.2.1
7f02bad09000-7f02bad0d000 r--p 000d7000 08:04 3029892                    /home/houssainy/.openmpi/lib/libopen-pal.so.6.2.1
7f02bad0d000-7f02bad12000 rw-p 000db000 08:04 3029892                    /home/houssainy/.openmpi/lib/libopen-pal.so.6.2.1
7f02bad12000-7f02bad18000 rw-p 00000000 00:00 0 
7f02bad18000-7f02badd0000 r-xp 00000000 08:04 3030856                    /home/houssainy/.openmpi/lib/libmpi.so.1.6.0
7f02badd0000-7f02bafcf000 ---p 000b8000 08:04 3030856                    /home/houssainy/.openmpi/lib/libmpi.so.1.6.0
7f02bafcf000-7f02bafd1000 r--p 000b7000 08:04 3030856                    /home/houssainy/.openmpi/lib/libmpi.so.1.6.0
7f02bafd1000-7f02bafe1000 rw-p 000b9000 08:04 3030856                    /home/houssainy/.openmpi/lib/libmpi.so.1.6.0
7f02bafe1000-7f02baff4000 rw-p 00000000 00:00 0 
7f02baff4000-7f02bb015000 r-xp 00000000 08:04 3032039                    /home/houssainy/.openmpi/lib/libmpi_java.so.1.2.0
7f02bb015000-7f02bb214000 ---p 00021000 08:04 3032039                    /home/houssainy/.openmpi/lib/libmpi_java.so.1.2.0
7f02bb214000-7f02bb215000 r--p 00020000 08:04 3032039                    /home/houssainy/.openmpi/lib/libmpi_java.so.1.2.0
7f02bb215000-7f02bb216000 rw-p 00021000 08:04 3032039                    /home/houssainy/.openmpi/lib/libmpi_java.so.1.2.0
7f02bb216000-7f02bb217000 ---p 00000000 00:00 0 
7f02bb217000-7f02bb317000 rw-p 00000000 00:00 0                          [stack:10324]
7f02bb317000-7f02bb31a000 ---p 00000000 00:00 0 
7f02bb31a000-7f02bb418000 rw-p 00000000 00:00 0                          [stack:10322]
7f02bb418000-7f02bb41b000 ---p 00000000 00:00 0 
7f02bb41b000-7f02bb519000 rw-p 00000000 00:00 0                          [stack:10321]
7f02bb519000-7f02bb51c000 ---p 00000000 00:00 0 
7f02bb51c000-7f02bb61a000 rw-p 00000000 00:00 0                          [stack:10320]
7f02bb61a000-7f02bb61d000 ---p 00000000 00:00 0 
7f02bb61d000-7f02bb71b000 rw-p 00000000 00:00 0                          [stack:10319]
7f02bb71b000-7f02bbdfe000 r--p 00000000 08:04 1580866                    /usr/lib/locale/locale-archive
7f02bbdfe000-7f02bbe01000 ---p 00000000 00:00 0 
7f02bbe01000-7f02bbeff000 rw-p 00000000 00:00 0                          [stack:10317]
7f02bbeff000-7f02bbf02000 ---p 00000000 00:00 0 
7f02bbf02000-7f02bc000000 rw-p 00000000 00:00 0                          [stack:10316]
7f02bc000000-7f02bc021000 rw-p 00000000 00:00 0 
7f02bc021000-7f02c0000000 ---p 00000000 00:00 0 
7f02c0024000-7f02c0025000 ---p 00000000 00:00 0 
7f02c0025000-7f02c1122000 rw-p 00000000 00:00 0                          [stack:10313]
7f02c1122000-7f02c12d4000 r--s 01d23000 08:04 1842045                    /usr/lib/jvm/java-7-openjdk-amd64/jre/lib/rt.jar
7f02c12d4000-7f02c38ec000 rw-p 00000000 00:00 0 
7f02c38ec000-7f02c38ed000 ---p 00000000 00:00 0 
7f02c38ed000-7f02c39ed000 rw-p 00000000 00:00 0                          [stack:10310]
7f02c39ed000-7f02c39ee000 ---p 00000000 00:00 0 
7f02c39ee000-7f02c3aee000 rw-p 00000000 00:00 0                          [stack:10308]
7f02c3aee000-7f02c3aef000 ---p 00000000 00:00 0 
7f02c3aef000-7f02c3bef000 rw-p 00000000 00:00 0                          [stack:10306]
7f02c3bef000-7f02c3bf0000 ---p 00000000 00:00 0 
7f02c3bf0000-7f02c3cfb000 rw-p 00000000 00:00 0                          [stack:10305]
7f02c3cfb000-7f02c3d43000 rw-p 00000000 00:00 0 
7f02c3d43000-7f02c3d4e000 rw-p 00000000 00:00 0 
7f02c3d4e000-7f02c3d96000 rw-p 00000000 00:00 0 
7f02c3d96000-7f02c3daa000 rw-p 00000000 00:00 0 
7f02c3daa000-7f02c3ed3000 rw-p 00000000 00:00 0 
7f02c3ed3000-7f02c3ede000 rw-p 00000000 00:00 0 
7f02c3ede000-7f02c3f72000 rw-p 00000000 00:00 0 
7f02c3f72000-7f02c3f73000 rw-p 00000000 00:00 0 
7f02c3f73000-7f02c41e3000 rwxp 00000000 00:00 0 
7f02c41e3000-7f02c6f73000 rw-p 00000000 00:00 0 
7f02c6f73000-7f02c6f7b000 r-xp 00000000 08:04 1842100                    /usr/lib/jvm/java-7-openjdk-amd64/jre/lib/amd64/libzip.so
7f02c6f7b000-7f02c717a000 ---p 00008000 08:04 1842100                    /usr/lib/jvm/java-7-openjdk-amd64/jre/lib/amd64/libzip.so
7f02c717a000-7f02c717b000 r--p 00007000 08:04 1842100                    /usr/lib/jvm/java-7-openjdk-amd64/jre/lib/amd64/libzip.so
7f02c717b000-7f02c717c000 rw-p 00008000 08:04 1842100                    /usr/lib/jvm/java-7-openjdk-amd64/jre/lib/amd64/libzip.so
7f02c717c000-7f02c7187000 r-xp 00000000 08:04 131317                     /lib/x86_64-linux-gnu/libnss_files-2.19.so
7f02c7187000-7f02c7386000 ---p 0000b000 08:04 131317                     /lib/x86_64-linux-gnu/libnss_files-2.19.so
7f02c7386000-7f02c7387000 r--p 0000a000 08:04 131317                     /lib/x86_64-linux-gnu/libnss_files-2.19.so
7f02c7387000-7f02c7388000 rw-p 0000b000 08:04 131317                     /lib/x86_64-linux-gnu/libnss_files-2.19.so
7f02c7388000-7f02c7393000 r-xp 00000000 08:04 131337                     /lib/x86_64-linux-gnu/libnss_nis-2.19.so
7f02c7393000-7f02c7592000 ---p 0000b000 08:04 131337                     /lib/x86_64-linux-gnu/libnss_nis-2.19.so
7f02c7592000-7f02c7593000 r--p 0000a000 08:04 131337                     /lib/x86_64-linux-gnu/libnss_nis-2.19.so
7f02c7593000-7f02c7594000 rw-p 0000b000 08:04 131337                     /lib/x86_64-linux-gnu/libnss_nis-2.19.so
7f02c7594000-7f02c75ab000 r-xp 00000000 08:04 131326                     /lib/x86_64-linux-gnu/libnsl-2.19.so
7f02c75ab000-7f02c77aa000 ---p 00017000 08:04 131326                     /lib/x86_64-linux-gnu/libnsl-2.19.so
7f02c77aa000-7f02c77ab000 r--p 00016000 08:04 131326                     /lib/x86_64-linux-gnu/libnsl-2.19.so
7f02c77ab000-7f02c77ac000 rw-p 00017000 08:04 131326                     /lib/x86_64-linux-gnu/libnsl-2.19.so
7f02c77ac000-7f02c77ae000 rw-p 00000000 00:00 0 
7f02c77ae000-7f02c77b7000 r-xp 00000000 08:04 131325                     /lib/x86_64-linux-gnu/libnss_compat-2.19.so
7f02c77b7000-7f02c79b6000 ---p 00009000 08:04 131325                     /lib/x86_64-linux-gnu/libnss_compat-2.19.so
7f02c79b6000-7f02c79b7000 r--p 00008000 08:04 131325                     /lib/x86_64-linux-gnu/libnss_compat-2.19.so
7f02c79b7000-7f02c79b8000 rw-p 00009000 08:04 131325                     /lib/x86_64-linux-gnu/libnss_compat-2.19.so
7f02c79b8000-7f02c79e3000 r-xp 00000000 08:04 1842085                    /usr/lib/jvm/java-7-openjdk-amd64/jre/lib/amd64/libjava.so
7f02c79e3000-7f02c7be3000 ---p 0002b000 08:04 1842085                    /usr/lib/jvm/java-7-openjdk-amd64/jre/lib/amd64/libjava.so
7f02c7be3000-7f02c7be4000 r--p 0002b000 08:04 1842085                    /usr/lib/jvm/java-7-openjdk-amd64/jre/lib/amd64/libjava.so
7f02c7be4000-7f02c7be6000 rw-p 0002c000 08:04 1842085                    /usr/lib/jvm/java-7-openjdk-amd64/jre/lib/amd64/libjava.so
7f02c7be6000-7f02c7bf6000 r-xp 00000000 08:04 1842084                    /usr/lib/jvm/java-7-openjdk-amd64/jre/lib/amd64/libverify.so
7f02c7bf6000-7f02c7df5000 ---p 00010000 08:04 1842084                    /usr/lib/jvm/java-7-openjdk-amd64/jre/lib/amd64/libverify.so
7f02c7df5000-7f02c7df7000 r--p 0000f000 08:04 1842084                    /usr/lib/jvm/java-7-openjdk-amd64/jre/lib/amd64/libverify.so
7f02c7df7000-7f02c7df8000 rw-p 00011000 08:04 1842084                    /usr/lib/jvm/java-7-openjdk-amd64/jre/lib/amd64/libverify.so
7f02c7df8000-7f02c7dff000 r-xp 00000000 08:04 131334                     /lib/x86_64-linux-gnu/librt-2.19.so
7f02c7dff000-7f02c7ffe000 ---p 00007000 08:04 131334                     /lib/x86_64-linux-gnu/librt-2.19.so
7f02c7ffe000-7f02c7fff000 r--p 00006000 08:04 131334                     /lib/x86_64-linux-gnu/librt-2.19.so
7f02c7fff000-7f02c8000000 rw-p 00007000 08:04 131334                     /lib/x86_64-linux-gnu/librt-2.19.so
7f02c8000000-7f02c83d0000 rw-p 00000000 00:00 0 
7f02c83d0000-7f02cc000000 ---p 00000000 00:00 0 
7f02cc00d000-7f02cc021000 rw-p 00000000 00:00 0 
7f02cc021000-7f02cc14b000 rw-p 00000000 00:00 0 
7f02cc14b000-7f02cc161000 r-xp 00000000 08:04 135142                     /lib/x86_64-linux-gnu/libgcc_s.so.1
7f02cc161000-7f02cc360000 ---p 00016000 08:04 135142                     /lib/x86_64-linux-gnu/libgcc_s.so.1
7f02cc360000-7f02cc361000 rw-p 00015000 08:04 135142                     /lib/x86_64-linux-gnu/libgcc_s.so.1
7f02cc361000-7f02cc466000 r-xp 00000000 08:04 131316                     /lib/x86_64-linux-gnu/libm-2.19.so
7f02cc466000-7f02cc665000 ---p 00105000 08:04 131316                     /lib/x86_64-linux-gnu/libm-2.19.so
7f02cc665000-7f02cc666000 r--p 00104000 08:04 131316                     /lib/x86_64-linux-gnu/libm-2.19.so
7f02cc666000-7f02cc667000 rw-p 00105000 08:04 131316                     /lib/x86_64-linux-gnu/libm-2.19.so
7f02cc667000-7f02cc74d000 r-xp 00000000 08:04 1582946                    /usr/lib/x86_64-linux-gnu/libstdc++.so.6.0.19
7f02cc74d000-7f02cc94c000 ---p 000e6000 08:04 1582946                    /usr/lib/x86_64-linux-gnu/libstdc++.so.6.0.19
7f02cc94c000-7f02cc954000 r--p 000e5000 08:04 1582946                    /usr/lib/x86_64-linux-gnu/libstdc++.so.6.0.19
7f02cc954000-7f02cc956000 rw-p 000ed000 08:04 1582946                    /usr/lib/x86_64-linux-gnu/libstdc++.so.6.0.19
7f02cc956000-7f02cc96b000 rw-p 00000000 00:00 0 
7f02cc96b000-7f02cd483000 r-xp 00000000 08:04 1842089                    /usr/lib/jvm/java-7-openjdk-amd64/jre/lib/amd64/server/libjvm.so
7f02cd483000-7f02cd683000 ---p 00b18000 08:04 1842089                    /usr/lib/jvm/java-7-openjdk-amd64/jre/lib/amd64/server/libjvm.so
7f02cd683000-7f02cd71d000 r--p 00b18000 08:04 1842089                    /usr/lib/jvm/java-7-openjdk-amd64/jre/lib/amd64/server/libjvm.so
7f02cd71d000-7f02cd740000 rw-p 00bb2000 08:04 1842089                    /usr/lib/jvm/java-7-openjdk-amd64/jre/lib/amd64/server/libjvm.so
7f02cd740000-7f02cd76e000 rw-p 00000000 00:00 0 
7f02cd76e000-7f02cd786000 r-xp 00000000 08:04 135328                     /lib/x86_64-linux-gnu/libz.so.1.2.8
7f02cd786000-7f02cd985000 ---p 00018000 08:04 135328                     /lib/x86_64-linux-gnu/libz.so.1.2.8
7f02cd985000-7f02cd986000 r--p 00017000 08:04 135328                     /lib/x86_64-linux-gnu/libz.so.1.2.8
7f02cd986000-7f02cd987000 rw-p 00018000 08:04 135328                     /lib/x86_64-linux-gnu/libz.so.1.2.8
7f02cd987000-7f02cd9a0000 r-xp 00000000 08:04 131332                     /lib/x86_64-linux-gnu/libpthread-2.19.so
7f02cd9a0000-7f02cdb9f000 ---p 00019000 08:04 131332                     /lib/x86_64-linux-gnu/libpthread-2.19.so
7f02cdb9f000-7f02cdba0000 r--p 00018000 08:04 131332                     /lib/x86_64-linux-gnu/libpthread-2.19.so
7f02cdba0000-7f02cdba1000 rw-p 00019000 08:04 131332                     /lib/x86_64-linux-gnu/libpthread-2.19.so
7f02cdba1000-7f02cdba5000 rw-p 00000000 00:00 0 
7f02cdba5000-7f02cdba8000 r-xp 00000000 08:04 131320                     /lib/x86_64-linux-gnu/libdl-2.19.so
7f02cdba8000-7f02cdda7000 ---p 00003000 08:04 131320                     /lib/x86_64-linux-gnu/libdl-2.19.so
7f02cdda7000-7f02cdda8000 r--p 00002000 08:04 131320                     /lib/x86_64-linux-gnu/libdl-2.19.so
7f02cdda8000-7f02cdda9000 rw-p 00003000 08:04 131320                     /lib/x86_64-linux-gnu/libdl-2.19.so
7f02cdda9000-7f02cdf64000 r-xp 00000000 08:04 131331                     /lib/x86_64-linux-gnu/libc-2.19.so
7f02cdf64000-7f02ce163000 ---p 001bb000 08:04 131331                     /lib/x86_64-linux-gnu/libc-2.19.so
7f02ce163000-7f02ce167000 r--p 001ba000 08:04 131331                     /lib/x86_64-linux-gnu/libc-2.19.so
7f02ce167000-7f02ce169000 rw-p 001be000 08:04 131331                     /lib/x86_64-linux-gnu/libc-2.19.so
7f02ce169000-7f02ce16e000 rw-p 00000000 00:00 0 
7f02ce16e000-7f02ce17b000 r-xp 00000000 08:04 1842068                    /usr/lib/jvm/java-7-openjdk-amd64/jre/lib/amd64/jli/libjli.so
7f02ce17b000-7f02ce37a000 ---p 0000d000 08:04 1842068                    /usr/lib/jvm/java-7-openjdk-amd64/jre/lib/amd64/jli/libjli.so
7f02ce37a000-7f02ce37b000 r--p 0000c000 08:04 1842068                    /usr/lib/jvm/java-7-openjdk-amd64/jre/lib/amd64/jli/libjli.so
7f02ce37b000-7f02ce37c000 rw-p 0000d000 08:04 1842068                    /usr/lib/jvm/java-7-openjdk-amd64/jre/lib/amd64/jli/libjli.so
7f02ce37c000-7f02ce39f000 r-xp 00000000 08:04 131328                     /lib/x86_64-linux-gnu/ld-2.19.so
7f02ce39f000-7f02ce3a0000 rw-p 00000000 00:00 0 
7f02ce3a0000-7f02ce3a2000 r--s 0000d000 08:04 3031976                    /home/houssainy/.openmpi/lib/mpi.jar
7f02ce3a2000-7f02ce3a4000 r--s 00012000 08:04 1842051                    /usr/lib/jvm/java-7-openjdk-amd64/jre/lib/ext/zipfs.jar
7f02ce3a4000-7f02ce3a6000 r--s 00006000 08:04 1979565                    /usr/share/java/java-atk-wrapper.jar
7f02ce3a6000-7f02ce3aa000 r--s 00034000 08:04 1842050                    /usr/lib/jvm/java-7-openjdk-amd64/jre/lib/ext/sunjce_provider.jar
7f02ce3aa000-7f02ce3ad000 r--s 00086000 08:04 1842053                    /usr/lib/jvm/java-7-openjdk-amd64/jre/lib/ext/localedata.jar
7f02ce3ad000-7f02ce3b1000 r--s 0003c000 08:04 1842049                    /usr/lib/jvm/java-7-openjdk-amd64/jre/lib/ext/sunpkcs11.jar
7f02ce3b1000-7f02ce3b4000 r--s 0000f000 08:04 1842048                    /usr/lib/jvm/java-7-openjdk-amd64/jre/lib/ext/icedtea-sound.jar
7f02ce3b4000-7f02ce3be000 rw-p 00000000 00:00 0 
7f02ce3be000-7f02ce474000 rw-p 00000000 00:00 0 
7f02ce474000-7f02ce477000 ---p 00000000 00:00 0 
7f02ce477000-7f02ce57a000 rw-p 00000000 00:00 0                          [stack:10304]
7f02ce57a000-7f02ce57b000 rw-s 00000000 08:04 1459607                    /tmp/openmpi-sessions-houssainy@houssainy_0/59251/1/shared_mem_btl_module.houssainy (deleted)
7f02ce57b000-7f02ce57c000 r--s 00002000 08:04 1842052                    /usr/lib/jvm/java-7-openjdk-amd64/jre/lib/ext/dnsns.jar
7f02ce57c000-7f02ce592000 rw-p 00000000 00:00 0 
7f02ce592000-7f02ce59a000 rw-s 00000000 08:04 1459525                    /tmp/hsperfdata_houssainy/10302
7f02ce59a000-7f02ce59b000 rw-p 00000000 00:00 0 
7f02ce59b000-7f02ce59c000 r--p 00000000 00:00 0 
7f02ce59c000-7f02ce59e000 rw-p 00000000 00:00 0 
7f02ce59e000-7f02ce59f000 r--p 00022000 08:04 131328                     /lib/x86_64-linux-gnu/ld-2.19.so
7f02ce59f000-7f02ce5a0000 rw-p 00023000 08:04 131328                     /lib/x86_64-linux-gnu/ld-2.19.so
7f02ce5a0000-7f02ce5a1000 rw-p 00000000 00:00 0 
7ffffe996000-7ffffe9b8000 rw-p 00000000 00:00 0                          [stack]
7ffffe9fc000-7ffffe9fe000 r-xp 00000000 00:00 0                          [vdso]
ffffffffff600000-ffffffffff601000 r-xp 00000000 00:00 0                  [vsyscall]

VM Arguments:
jvm_args: -Djava.library.path=/home/houssainy/.openmpi/lib 
java_command: mpi_implementation/Hello
Launcher Type: SUN_STANDARD

Environment Variables:
JAVA_HOME=/usr/lib/jvm/java-7-openjdk-amd64
PATH=/home/houssainy/Desktop/MyWorkSpace/tools/nvm/v0.10.35/bin:/home/houssainy/Desktop/IDEs/adt-bundle-linux-x86_64-20140702/sdk/platform-tools/:/home/houssainy/Desktop/MyWorkSpace/tools/depot_tools:/usr/local/sbin:/usr/local/bin:/usr/sbin:/usr/bin:/sbin:/bin:/usr/games:/usr/local/games:/usr/lib/jvm/java-7-openjdk-amd64/bin:/home/houssainy/.openmpi/bin
LD_LIBRARY_PATH=:/home/houssainy/.openmpi/lib/
SHELL=/bin/bash
DISPLAY=:0

Signal Handlers:
SIGSEGV: [libjvm.so+0x94b4b0], sa_mask[0]=0x7ffbfeff, sa_flags=0x10000004
SIGBUS: [libjvm.so+0x94b4b0], sa_mask[0]=0x7ffbfeff, sa_flags=0x10000004
SIGFPE: [libjvm.so+0x7c3390], sa_mask[0]=0x7ffbfeff, sa_flags=0x10000004
SIGPIPE: [libjvm.so+0x7c3390], sa_mask[0]=0x7ffbfeff, sa_flags=0x10000004
SIGXFSZ: [libjvm.so+0x7c3390], sa_mask[0]=0x7ffbfeff, sa_flags=0x10000004
SIGILL: [libjvm.so+0x7c3390], sa_mask[0]=0x7ffbfeff, sa_flags=0x10000004
SIGUSR1: SIG_DFL, sa_mask[0]=0x00000000, sa_flags=0x00000000
SIGUSR2: [libjvm.so+0x7c3230], sa_mask[0]=0x00000000, sa_flags=0x10000004
SIGHUP: [libjvm.so+0x7c3410], sa_mask[0]=0x7ffbfeff, sa_flags=0x10000004
SIGINT: [libjvm.so+0x7c3410], sa_mask[0]=0x7ffbfeff, sa_flags=0x10000004
SIGTERM: [libjvm.so+0x7c3410], sa_mask[0]=0x7ffbfeff, sa_flags=0x10000004
SIGQUIT: [libjvm.so+0x7c3410], sa_mask[0]=0x7ffbfeff, sa_flags=0x10000004
SIGTRAP: SIG_DFL, sa_mask[0]=0x00000000, sa_flags=0x00000000


---------------  S Y S T E M  ---------------

OS:Ubuntu 14.04 (trusty)
uname:Linux 3.13.0-46-generic #79-Ubuntu SMP Tue Mar 10 20:06:50 UTC 2015 x86_64
libc:glibc 2.19 NPTL 2.19 
rlimit: STACK 8192k, CORE 0k, NPROC 30292, NOFILE 4096, AS infinity
load average:0.39 0.70 0.62

/proc/meminfo:
MemTotal:        3899072 kB
MemFree:          480356 kB
Buffers:           68288 kB
Cached:           731192 kB
SwapCached:            0 kB
Active:          2673656 kB
Inactive:         417264 kB
Active(anon):    2293536 kB
Inactive(anon):    43804 kB
Active(file):     380120 kB
Inactive(file):   373460 kB
Unevictable:         288 kB
Mlocked:             288 kB
SwapTotal:             0 kB
SwapFree:              0 kB
Dirty:               512 kB
Writeback:             0 kB
AnonPages:       2291736 kB
Mapped:           241268 kB
Shmem:             45916 kB
Slab:             155448 kB
SReclaimable:     105504 kB
SUnreclaim:        49944 kB
KernelStack:        5824 kB
PageTables:        54828 kB
NFS_Unstable:          0 kB
Bounce:                0 kB
WritebackTmp:          0 kB
CommitLimit:     1949536 kB
Committed_AS:    7751140 kB
VmallocTotal:   34359738367 kB
VmallocUsed:      288360 kB
VmallocChunk:   34359375740 kB
HardwareCorrupted:     0 kB
AnonHugePages:    798720 kB
HugePages_Total:       0
HugePages_Free:        0
HugePages_Rsvd:        0
HugePages_Surp:        0
Hugepagesize:       2048 kB
DirectMap4k:       60356 kB
DirectMap2M:     3983360 kB


CPU:total 4 (2 cores per cpu, 2 threads per core) family 6 model 37 stepping 2, cmov, cx8, fxsr, mmx, sse, sse2, sse3, ssse3, sse4.1, sse4.2, popcnt, ht, tsc, tscinvbit

/proc/cpuinfo:
processor	: 0
vendor_id	: GenuineIntel
cpu family	: 6
model		: 37
model name	: Intel(R) Core(TM) i5 CPU       M 430  @ 2.27GHz
stepping	: 2
microcode	: 0x9
cpu MHz		: 2267.000
cache size	: 3072 KB
physical id	: 0
siblings	: 4
core id		: 0
cpu cores	: 2
apicid		: 0
initial apicid	: 0
fpu		: yes
fpu_exception	: yes
cpuid level	: 11
wp		: yes
flags		: fpu vme de pse tsc msr pae mce cx8 apic sep mtrr pge mca cmov pat pse36 clflush dts acpi mmx fxsr sse sse2 ss ht tm pbe syscall nx rdtscp lm constant_tsc arch_perfmon pebs bts rep_good nopl xtopology nonstop_tsc aperfmperf pni dtes64 monitor ds_cpl vmx est tm2 ssse3 cx16 xtpr pdcm sse4_1 sse4_2 popcnt lahf_lm ida arat dtherm tpr_shadow vnmi flexpriority ept vpid
bogomips	: 4521.99
clflush size	: 64
cache_alignment	: 64
address sizes	: 36 bits physical, 48 bits virtual
power management:

processor	: 1
vendor_id	: GenuineIntel
cpu family	: 6
model		: 37
model name	: Intel(R) Core(TM) i5 CPU       M 430  @ 2.27GHz
stepping	: 2
microcode	: 0x9
cpu MHz		: 1199.000
cache size	: 3072 KB
physical id	: 0
siblings	: 4
core id		: 2
cpu cores	: 2
apicid		: 4
initial apicid	: 4
fpu		: yes
fpu_exception	: yes
cpuid level	: 11
wp		: yes
flags		: fpu vme de pse tsc msr pae mce cx8 apic sep mtrr pge mca cmov pat pse36 clflush dts acpi mmx fxsr sse sse2 ss ht tm pbe syscall nx rdtscp lm constant_tsc arch_perfmon pebs bts rep_good nopl xtopology nonstop_tsc aperfmperf pni dtes64 monitor ds_cpl vmx est tm2 ssse3 cx16 xtpr pdcm sse4_1 sse4_2 popcnt lahf_lm ida arat dtherm tpr_shadow vnmi flexpriority ept vpid
bogomips	: 4521.99
clflush size	: 64
cache_alignment	: 64
address sizes	: 36 bits physical, 48 bits virtual
power management:

processor	: 2
vendor_id	: GenuineIntel
cpu family	: 6
model		: 37
model name	: Intel(R) Core(TM) i5 CPU       M 430  @ 2.27GHz
stepping	: 2
microcode	: 0x9
cpu MHz		: 1199.000
cache size	: 3072 KB
physical id	: 0
siblings	: 4
core id		: 0
cpu cores	: 2
apicid		: 1
initial apicid	: 1
fpu		: yes
fpu_exception	: yes
cpuid level	: 11
wp		: yes
flags		: fpu vme de pse tsc msr pae mce cx8 apic sep mtrr pge mca cmov pat pse36 clflush dts acpi mmx fxsr sse sse2 ss ht tm pbe syscall nx rdtscp lm constant_tsc arch_perfmon pebs bts rep_good nopl xtopology nonstop_tsc aperfmperf pni dtes64 monitor ds_cpl vmx est tm2 ssse3 cx16 xtpr pdcm sse4_1 sse4_2 popcnt lahf_lm ida arat dtherm tpr_shadow vnmi flexpriority ept vpid
bogomips	: 4521.99
clflush size	: 64
cache_alignment	: 64
address sizes	: 36 bits physical, 48 bits virtual
power management:

processor	: 3
vendor_id	: GenuineIntel
cpu family	: 6
model		: 37
model name	: Intel(R) Core(TM) i5 CPU       M 430  @ 2.27GHz
stepping	: 2
microcode	: 0x9
cpu MHz		: 2267.000
cache size	: 3072 KB
physical id	: 0
siblings	: 4
core id		: 2
cpu cores	: 2
apicid		: 5
initial apicid	: 5
fpu		: yes
fpu_exception	: yes
cpuid level	: 11
wp		: yes
flags		: fpu vme de pse tsc msr pae mce cx8 apic sep mtrr pge mca cmov pat pse36 clflush dts acpi mmx fxsr sse sse2 ss ht tm pbe syscall nx rdtscp lm constant_tsc arch_perfmon pebs bts rep_good nopl xtopology nonstop_tsc aperfmperf pni dtes64 monitor ds_cpl vmx est tm2 ssse3 cx16 xtpr pdcm sse4_1 sse4_2 popcnt lahf_lm ida arat dtherm tpr_shadow vnmi flexpriority ept vpid
bogomips	: 4521.99
clflush size	: 64
cache_alignment	: 64
address sizes	: 36 bits physical, 48 bits virtual
power management:



Memory: 4k page, physical 3899072k(481448k free), swap 0k(0k free)

vm_info: OpenJDK 64-Bit Server VM (24.75-b04) for linux-amd64 JRE (1.7.0_75-b13), built on Jan 27 2015 00:38:59 by "buildd" with gcc 4.8.2

time: Sun Mar 22 01:43:23 2015
elapsed time: 0 seconds

